# JRE version: OpenJDK Runtime Environment Temurin-21.0.3+9 (21.0.3+9) (build 21.0.3+9-LTS)
# Java VM: OpenJDK 64-Bit Server VM Temurin-21.0.3+9 (21.0.3+9-LTS, mixed mode, emulated-client, sharing, tiered, compressed oops, compressed class ptrs, g1 gc, windows-amd64)
GC Precious Log:
 CardTable entry size: 512
 Card Set container configuration: InlinePtr #cards 5 size 8 Array Of Cards #cards 12 size 40 Howl #buckets 4 coarsen threshold 1843 Howl Bitmap #cards 512 size 80 coarsen threshold 460 Card regions per heap region 1 cards per card region 2048
 CPUs: 2 total, 2 available
 Memory: 3916M
 Large Page Support: Disabled
 NUMA Support: Disabled
 Compressed Oops: Enabled (32-bit)
 Heap Region Size: 1M
 Heap Min Capacity: 8M
 Heap Initial Capacity: 62M
 Heap Max Capacity: 980M
 Pre-touch: Disabled
 Parallel Workers: 2
 Concurrent Workers: 1
 Concurrent Refinement Workers: 2
 Periodic GC: Disabled
Heap:
 garbage-first heap   total 51200K, used 31156K [0x00000000c2c00000, 0x0000000100000000)
  region size 1024K, 18 young (18432K), 3 survivors (3072K)
 Metaspace       used 26345K, committed 26816K, reserved 1114112K
  class space    used 3666K, committed 3904K, reserved 1048576K
GC Heap History (14 events):
Event: 1.389 GC heap before
{Heap before GC invocations=0 (full 0):
 garbage-first heap   total 63488K, used 7168K [0x00000000c2c00000, 0x0000000100000000)
  region size 1024K, 6 young (6144K), 0 survivors (0K)
 Metaspace       used 1399K, committed 1600K, reserved 1114112K
  class space    used 146K, committed 256K, reserved 1048576K
}
Event: 1.395 GC heap after
{Heap after GC invocations=1 (full 0):
 garbage-first heap   total 63488K, used 5875K [0x00000000c2c00000, 0x0000000100000000)
  region size 1024K, 1 young (1024K), 1 survivors (1024K)
 Metaspace       used 1399K, committed 1600K, reserved 1114112K
  class space    used 146K, committed 256K, reserved 1048576K
}
Event: 1.893 GC heap before
{Heap before GC invocations=1 (full 0):
 garbage-first heap   total 63488K, used 8947K [0x00000000c2c00000, 0x0000000100000000)
  region size 1024K, 4 young (4096K), 1 survivors (1024K)
 Metaspace       used 2772K, committed 2944K, reserved 1114112K
  class space    used 316K, committed 384K, reserved 1048576K
}
Event: 1.897 GC heap after
{Heap after GC invocations=2 (full 0):
 garbage-first heap   total 63488K, used 6596K [0x00000000c2c00000, 0x0000000100000000)
  region size 1024K, 1 young (1024K), 1 survivors (1024K)
 Metaspace       used 2772K, committed 2944K, reserved 1114112K
  class space    used 316K, committed 384K, reserved 1048576K
}
Event: 2.736 GC heap before
{Heap before GC invocations=2 (full 0):
 garbage-first heap   total 63488K, used 14788K [0x00000000c2c00000, 0x0000000100000000)
  region size 1024K, 9 young (9216K), 1 survivors (1024K)
 Metaspace       used 6550K, committed 6784K, reserved 1114112K
  class space    used 794K, committed 896K, reserved 1048576K
}
Event: 2.742 GC heap after
{Heap after GC invocations=3 (full 0):
 garbage-first heap   total 63488K, used 7840K [0x00000000c2c00000, 0x0000000100000000)
  region size 1024K, 2 young (2048K), 2 survivors (2048K)
 Metaspace       used 6550K, committed 6784K, reserved 1114112K
  class space    used 794K, committed 896K, reserved 1048576K
}
Event: 5.415 GC heap before
{Heap before GC invocations=3 (full 0):
 garbage-first heap   total 63488K, used 42656K [0x00000000c2c00000, 0x0000000100000000)
  region size 1024K, 37 young (37888K), 2 survivors (2048K)
 Metaspace       used 14094K, committed 14528K, reserved 1114112K
  class space    used 1907K, committed 2112K, reserved 1048576K
}
Event: 5.430 GC heap after
{Heap after GC invocations=4 (full 0):
 garbage-first heap   total 63488K, used 10541K [0x00000000c2c00000, 0x0000000100000000)
  region size 1024K, 5 young (5120K), 5 survivors (5120K)
 Metaspace       used 14094K, committed 14528K, reserved 1114112K
  class space    used 1907K, committed 2112K, reserved 1048576K
}
Event: 7.489 GC heap before
{Heap before GC invocations=4 (full 0):
 garbage-first heap   total 63488K, used 43309K [0x00000000c2c00000, 0x0000000100000000)
  region size 1024K, 37 young (37888K), 5 survivors (5120K)
 Metaspace       used 20870K, committed 21312K, reserved 1114112K
  class space    used 2788K, committed 2944K, reserved 1048576K
}
Event: 7.507 GC heap after
{Heap after GC invocations=5 (full 0):
 garbage-first heap   total 63488K, used 14284K [0x00000000c2c00000, 0x0000000100000000)
  region size 1024K, 4 young (4096K), 4 survivors (4096K)
 Metaspace       used 20870K, committed 21312K, reserved 1114112K
  class space    used 2788K, committed 2944K, reserved 1048576K
}
Event: 7.915 GC heap before
{Heap before GC invocations=5 (full 0):
 garbage-first heap   total 63488K, used 19404K [0x00000000c2c00000, 0x0000000100000000)
  region size 1024K, 10 young (10240K), 4 survivors (4096K)
 Metaspace       used 21107K, committed 21504K, reserved 1114112K
  class space    used 2830K, committed 3008K, reserved 1048576K
}
Event: 7.924 GC heap after
{Heap after GC invocations=6 (full 0):
 garbage-first heap   total 63488K, used 14969K [0x00000000c2c00000, 0x0000000100000000)
  region size 1024K, 1 young (1024K), 1 survivors (1024K)
 Metaspace       used 21107K, committed 21504K, reserved 1114112K
  class space    used 2830K, committed 3008K, reserved 1048576K
}
Event: 10.322 GC heap before
{Heap before GC invocations=7 (full 0):
 garbage-first heap   total 51200K, used 44665K [0x00000000c2c00000, 0x0000000100000000)
  region size 1024K, 30 young (30720K), 1 survivors (1024K)
 Metaspace       used 24151K, committed 24640K, reserved 1114112K
  class space    used 3307K, committed 3520K, reserved 1048576K
}
Event: 10.333 GC heap after
{Heap after GC invocations=8 (full 0):
 garbage-first heap   total 51200K, used 16820K [0x00000000c2c00000, 0x0000000100000000)
  region size 1024K, 3 young (3072K), 3 survivors (3072K)
 Metaspace       used 24151K, committed 24640K, reserved 1114112K
  class space    used 3307K, committed 3520K, reserved 1048576K
}

